# JRE version: OpenJDK Runtime Environment Microsoft-28056 (17.0.1+12) (build 17.0.1+12-LTS)
# Java VM: OpenJDK 64-Bit Server VM Microsoft-28056 (17.0.1+12-LTS, mixed mode, tiered, compressed oops, compressed class ptrs, g1 gc, windows-amd64)
GC Precious Log:
 CPUs: 4 total, 4 available
 Memory: 14277M
 Large Page Support: Disabled
 NUMA Support: Disabled
 Compressed Oops: Enabled (Zero based)
 Heap Region Size: 32M
 Heap Min Capacity: 256M
 Heap Initial Capacity: 256M
 Heap Max Capacity: 10048M
 Pre-touch: Enabled
 Parallel Workers: 4
 Concurrent Workers: 1
 Concurrent Refinement Workers: 4
 Periodic GC: Disabled
Heap:
 garbage-first heap   total 9502720K, used 5419446K [0x000000058c000000, 0x0000000800000000)
  region size 32768K, 34 young (1114112K), 5 survivors (163840K)
 Metaspace       used 417616K, committed 420864K, reserved 1400832K
  class space    used 72457K, committed 73920K, reserved 1048576K
GC Heap History (20 events):
Event: 2271.668 GC heap before
{Heap before GC invocations=460 (full 0):
 garbage-first heap   total 9502720K, used 5883258K [0x000000058c000000, 0x0000000800000000)
  region size 32768K, 58 young (1900544K), 14 survivors (458752K)
 Metaspace       used 417158K, committed 420480K, reserved 1400832K
  class space    used 72439K, committed 73920K, reserved 1048576K
}
Event: 2271.993 GC heap after
{Heap after GC invocations=461 (full 0):
 garbage-first heap   total 9502720K, used 4436357K [0x000000058c000000, 0x0000000800000000)
  region size 32768K, 10 young (327680K), 10 survivors (327680K)
 Metaspace       used 417158K, committed 420480K, reserved 1400832K
  class space    used 72439K, committed 73920K, reserved 1048576K
}
Event: 2277.137 GC heap before
{Heap before GC invocations=461 (full 0):
 garbage-first heap   total 9502720K, used 5976453K [0x000000058c000000, 0x0000000800000000)
  region size 32768K, 58 young (1900544K), 10 survivors (327680K)
 Metaspace       used 417192K, committed 420480K, reserved 1400832K
  class space    used 72444K, committed 73920K, reserved 1048576K
}
Event: 2277.344 GC heap after
{Heap after GC invocations=462 (full 0):
 garbage-first heap   total 9502720K, used 4450738K [0x000000058c000000, 0x0000000800000000)
  region size 32768K, 8 young (262144K), 8 survivors (262144K)
 Metaspace       used 417192K, committed 420480K, reserved 1400832K
  class space    used 72444K, committed 73920K, reserved 1048576K
}
Event: 2281.162 GC heap before
{Heap before GC invocations=462 (full 0):
 garbage-first heap   total 9502720K, used 6056370K [0x000000058c000000, 0x0000000800000000)
  region size 32768K, 58 young (1900544K), 8 survivors (262144K)
 Metaspace       used 417218K, committed 420544K, reserved 1400832K
  class space    used 72444K, committed 73920K, reserved 1048576K
}
Event: 2281.318 GC heap after
{Heap after GC invocations=463 (full 0):
 garbage-first heap   total 9502720K, used 4414974K [0x000000058c000000, 0x0000000800000000)
  region size 32768K, 6 young (196608K), 6 survivors (196608K)
 Metaspace       used 417218K, committed 420544K, reserved 1400832K
  class space    used 72444K, committed 73920K, reserved 1048576K
}
Event: 2284.819 GC heap before
{Heap before GC invocations=463 (full 0):
 garbage-first heap   total 9502720K, used 6086142K [0x000000058c000000, 0x0000000800000000)
  region size 32768K, 58 young (1900544K), 6 survivors (196608K)
 Metaspace       used 417241K, committed 420544K, reserved 1400832K
  class space    used 72444K, committed 73920K, reserved 1048576K
}
Event: 2284.979 GC heap after
{Heap after GC invocations=464 (full 0):
 garbage-first heap   total 9502720K, used 4428168K [0x000000058c000000, 0x0000000800000000)
  region size 32768K, 4 young (131072K), 4 survivors (131072K)
 Metaspace       used 417241K, committed 420544K, reserved 1400832K
  class space    used 72444K, committed 73920K, reserved 1048576K
}
Event: 2288.772 GC heap before
{Heap before GC invocations=464 (full 0):
 garbage-first heap   total 9502720K, used 6164872K [0x000000058c000000, 0x0000000800000000)
  region size 32768K, 58 young (1900544K), 4 survivors (131072K)
 Metaspace       used 417408K, committed 420736K, reserved 1400832K
  class space    used 72444K, committed 73920K, reserved 1048576K
}
Event: 2288.855 GC heap after
{Heap after GC invocations=465 (full 0):
 garbage-first heap   total 9502720K, used 4447317K [0x000000058c000000, 0x0000000800000000)
  region size 32768K, 4 young (131072K), 4 survivors (131072K)
 Metaspace       used 417408K, committed 420736K, reserved 1400832K
  class space    used 72444K, committed 73920K, reserved 1048576K
}
Event: 2292.950 GC heap before
{Heap before GC invocations=465 (full 0):
 garbage-first heap   total 9502720K, used 6184021K [0x000000058c000000, 0x0000000800000000)
  region size 32768K, 59 young (1933312K), 4 survivors (131072K)
 Metaspace       used 417427K, committed 420736K, reserved 1400832K
  class space    used 72444K, committed 73920K, reserved 1048576K
}
Event: 2293.027 GC heap after
{Heap after GC invocations=466 (full 0):
 garbage-first heap   total 9502720K, used 4465478K [0x000000058c000000, 0x0000000800000000)
  region size 32768K, 4 young (131072K), 4 survivors (131072K)
 Metaspace       used 417427K, committed 420736K, reserved 1400832K
  class space    used 72444K, committed 73920K, reserved 1048576K
}
Event: 2296.909 GC heap before
{Heap before GC invocations=466 (full 0):
 garbage-first heap   total 9502720K, used 6202182K [0x000000058c000000, 0x0000000800000000)
  region size 32768K, 58 young (1900544K), 4 survivors (131072K)
 Metaspace       used 417506K, committed 420800K, reserved 1400832K
  class space    used 72450K, committed 73920K, reserved 1048576K
}
Event: 2296.974 GC heap after
{Heap after GC invocations=467 (full 0):
 garbage-first heap   total 9502720K, used 4442704K [0x000000058c000000, 0x0000000800000000)
  region size 32768K, 4 young (131072K), 4 survivors (131072K)
 Metaspace       used 417506K, committed 420800K, reserved 1400832K
  class space    used 72450K, committed 73920K, reserved 1048576K
}
Event: 2301.339 GC heap before
{Heap before GC invocations=467 (full 0):
 garbage-first heap   total 9502720K, used 6179408K [0x000000058c000000, 0x0000000800000000)
  region size 32768K, 58 young (1900544K), 4 survivors (131072K)
 Metaspace       used 417578K, committed 420864K, reserved 1400832K
  class space    used 72454K, committed 73920K, reserved 1048576K
}
Event: 2301.387 GC heap after
{Heap after GC invocations=468 (full 0):
 garbage-first heap   total 9502720K, used 4405750K [0x000000058c000000, 0x0000000800000000)
  region size 32768K, 2 young (65536K), 2 survivors (65536K)
 Metaspace       used 417578K, committed 420864K, reserved 1400832K
  class space    used 72454K, committed 73920K, reserved 1048576K
}
Event: 2309.117 GC heap before
{Heap before GC invocations=468 (full 0):
 garbage-first heap   total 9502720K, used 6273526K [0x000000058c000000, 0x0000000800000000)
  region size 32768K, 58 young (1900544K), 2 survivors (65536K)
 Metaspace       used 417616K, committed 420864K, reserved 1400832K
  class space    used 72457K, committed 73920K, reserved 1048576K
}
Event: 2309.209 GC heap after
{Heap after GC invocations=469 (full 0):
 garbage-first heap   total 9502720K, used 4446065K [0x000000058c000000, 0x0000000800000000)
  region size 32768K, 4 young (131072K), 4 survivors (131072K)
 Metaspace       used 417616K, committed 420864K, reserved 1400832K
  class space    used 72457K, committed 73920K, reserved 1048576K
}
Event: 2472.483 GC heap before
{Heap before GC invocations=469 (full 0):
 garbage-first heap   total 9502720K, used 6215537K [0x000000058c000000, 0x0000000800000000)
  region size 32768K, 58 young (1900544K), 4 survivors (131072K)
 Metaspace       used 417616K, committed 420864K, reserved 1400832K
  class space    used 72457K, committed 73920K, reserved 1048576K
}
Event: 2472.611 GC heap after
{Heap after GC invocations=470 (full 0):
 garbage-first heap   total 9502720K, used 4501942K [0x000000058c000000, 0x0000000800000000)
  region size 32768K, 5 young (163840K), 5 survivors (163840K)
 Metaspace       used 417616K, committed 420864K, reserved 1400832K
  class space    used 72457K, committed 73920K, reserved 1048576K
}

